app/build/outputs/mapping/release/seeds.txt
android.support.v4.view.ViewPager$SavedState
android.support.v4.view.ViewPager$SavedState: android.os.Parcelable$Creator CREATOR
android.support.v4.widget.ContentLoadingProgressBar
android.support.v4.widget.ContentLoadingProgressBar: ContentLoadingProgressBar(android.content.Context,android.util.AttributeSet)
android.support.v4.widget.DrawerLayout
android.support.v4.widget.DrawerLayout: DrawerLayout(android.content.Context,android.util.AttributeSet)
android.support.v4.widget.DrawerLayout: DrawerLayout(android.content.Context,android.util.AttributeSet,int)
android.support.v4.widget.DrawerLayout$LayoutParams
android.support.v4.widget.DrawerLayout$LayoutParams: DrawerLayout$LayoutParams(android.content.Context,android.util.AttributeSet)
android.support.v4.widget.DrawerLayout$SavedState
android.support.v4.widget.DrawerLayout$SavedState: android.os.Parcelable$Creator CREATOR
android.support.v4.widget.SlidingPaneLayout
android.support.v4.widget.SlidingPaneLayout: SlidingPaneLayout(android.content.Context,android.util.AttributeSet)
android.support.v4.widget.SlidingPaneLayout: SlidingPaneLayout(android.content.Context,android.util.AttributeSet,int)
android.support.v4.widget.SlidingPaneLayout$LayoutParams
android.support.v4.widget.SlidingPaneLayout$LayoutParams: SlidingPaneLayout$LayoutParams(android.content.Context,android.util.AttributeSet)
android.support.v4.widget.SlidingPaneLayout$SavedState
android.support.v4.widget.SlidingPaneLayout$SavedState: android.os.Parcelable$Creator CREATOR
android.support.v4.widget.SwipeRefreshLayout
android.support.v4.widget.SwipeRefreshLayout: SwipeRefreshLayout(android.content.Context,android.util.AttributeSet)
com.alipay.android.app.IAlixPay
com.alipay.android.app.IAlixPay: java.lang.String Pay(java.lang.String)
com.alipay.android.app.IAlixPay: java.lang.String test()
com.alipay.android.app.IAlixPay: void registerCallback(com.alipay.android.app.IRemoteServiceCallback)
com.alipay.android.app.IAlixPay: void unregisterCallback(com.alipay.android.app.IRemoteServiceCallback)
com.alipay.android.app.IAlixPay: java.lang.String prePay(java.lang.String)
com.alipay.android.app.IAlixPay$Stub
com.alipay.android.app.IAlixPay$Stub: java.lang.String DESCRIPTOR
com.alipay.android.app.IAlixPay$Stub: int TRANSACTION_Pay
com.alipay.android.app.IAlixPay$Stub: int TRANSACTION_test
com.alipay.android.app.IAlixPay$Stub: int TRANSACTION_registerCallback
com.alipay.android.app.IAlixPay$Stub: int TRANSACTION_unregisterCallback
com.alipay.android.app.IAlixPay$Stub: int TRANSACTION_prePay
com.alipay.android.app.IAlixPay$Stub: IAlixPay$Stub()
com.alipay.android.app.IAlixPay$Stub: com.alipay.android.app.IAlixPay asInterface(android.os.IBinder)
com.alipay.android.app.IAlixPay$Stub: android.os.IBinder asBinder()
com.alipay.android.app.IAlixPay$Stub: boolean onTransact(int,android.os.Parcel,android.os.Parcel,int)
com.alipay.android.app.IRemoteServiceCallback
com.alipay.android.app.IRemoteServiceCallback: void startActivity(java.lang.String,java.lang.String,int,android.os.Bundle)
com.alipay.android.app.IRemoteServiceCallback: void payEnd(boolean,java.lang.String)
com.alipay.android.app.IRemoteServiceCallback: boolean isHideLoadingScreen()
com.alipay.android.app.IRemoteServiceCallback$Stub
com.alipay.android.app.IRemoteServiceCallback$Stub: java.lang.String DESCRIPTOR
com.alipay.android.app.IRemoteServiceCallback$Stub: int TRANSACTION_startActivity
com.alipay.android.app.IRemoteServiceCallback$Stub: int TRANSACTION_payEnd
com.alipay.android.app.IRemoteServiceCallback$Stub: int TRANSACTION_isHideLoadingScreen
com.alipay.android.app.IRemoteServiceCallback$Stub: IRemoteServiceCallback$Stub()
com.alipay.android.app.IRemoteServiceCallback$Stub: com.alipay.android.app.IRemoteServiceCallback asInterface(android.os.IBinder)
com.alipay.android.app.IRemoteServiceCallback$Stub: android.os.IBinder asBinder()
com.alipay.android.app.IRemoteServiceCallback$Stub: boolean onTransact(int,android.os.Parcel,android.os.Parcel,int)