app/build/outputs/mapping/release/mapping.txt
android.support.v4.content.IntentCompat -> android.support.v4.content.i:
    android.support.v4.content.IntentCompat$IntentCompatImpl IMPL -> h
    java.lang.String ACTION_EXTERNAL_APPLICATIONS_AVAILABLE -> a
    java.lang.String ACTION_EXTERNAL_APPLICATIONS_UNAVAILABLE -> b
    java.lang.String EXTRA_CHANGED_PACKAGE_LIST -> c
    java.lang.String EXTRA_CHANGED_UID_LIST -> d
    java.lang.String EXTRA_HTML_TEXT -> e
    int FLAG_ACTIVITY_TASK_ON_HOME -> f
    int FLAG_ACTIVITY_CLEAR_TASK -> g
    95:97:void <init>() -> <init>
    221:221:android.content.Intent makeMainActivity(android.content.ComponentName) -> a
    249:249:android.content.Intent makeMainSelectorActivity(java.lang.String,java.lang.String) -> a
    266:266:android.content.Intent makeRestartActivityTask(android.content.ComponentName) -> b
    85:93:void <clinit>() -> <clinit>
android.support.v4.content.IntentCompat$IntentCompatImpl -> android.support.v4.content.i$a:
    android.content.Intent makeMainActivity(android.content.ComponentName) -> a
    android.content.Intent makeMainSelectorActivity(java.lang.String,java.lang.String) -> a
    android.content.Intent makeRestartActivityTask(android.content.ComponentName) -> b
android.support.v4.content.IntentCompat$IntentCompatImplBase -> android.support.v4.content.i$b:
    36:36:void <init>() -> <init>
    39:42:android.content.Intent makeMainActivity(android.content.ComponentName) -> a
    51:53:android.content.Intent makeMainSelectorActivity(java.lang.String,java.lang.String) -> a
    58:61:android.content.Intent makeRestartActivityTask(android.content.ComponentName) -> b
android.support.v4.content.IntentCompat$IntentCompatImplHC -> android.support.v4.content.i$c:
    65:65:void <init>() -> <init>
    68:68:android.content.Intent makeMainActivity(android.content.ComponentName) -> a
    72:72:android.content.Intent makeRestartActivityTask(android.content.ComponentName) -> b
android.support.v4.content.IntentCompat$IntentCompatImplIcsMr1 -> android.support.v4.content.i$d:
    76:76:void <init>() -> <init>
    79:79:android.content.Intent makeMainSelectorActivity(java.lang.String,java.lang.String) -> a
android.support.v4.content.IntentCompatHoneycomb -> android.support.v4.content.j:
    22:22:void <init>() -> <init>
    24:24:android.content.Intent makeMainActivity(android.content.ComponentName) -> a
    28:28:android.content.Intent makeRestartActivityTask(android.content.ComponentName) -> b
android.support.v4.content.IntentCompatIcsMr1 -> android.support.v4.content.k:
    21:21:void <init>() -> <init>
    24:24:android.content.Intent makeMainSelectorActivity(java.lang.String,java.lang.String) -> a